Archive member included because of file (symbol)

/opt/gcc-arm/latest/lib/gcc/arm-none-eabi/4.8.3/libgcc.a(_udivsi3.o)
                              formatter.o (__aeabi_uidiv)
/opt/gcc-arm/latest/lib/gcc/arm-none-eabi/4.8.3/libgcc.a(_dvmd_tls.o)
                              /opt/gcc-arm/latest/lib/gcc/arm-none-eabi/4.8.3/libgcc.a(_udivsi3.o) (__aeabi_idiv0)

Memory Configuration

Name             Origin             Length             Attributes
ram              0x0000000000010000 0x0000000001000000
*default*        0x0000000000000000 0xffffffffffffffff

Linker script and memory map

LOAD arm_cpu.o
LOAD main.o
LOAD periph.o
LOAD formatter.o
LOAD /opt/gcc-arm/latest/lib/gcc/arm-none-eabi/4.8.3/libgcc.a

.text           0x0000000000010000     0x12c8
 *(.text*)
 .text          0x0000000000010000       0xd4 arm_cpu.o
                0x0000000000010000                _start
                0x000000000001002c                GOTO
                0x0000000000010034                exception_vectors
                0x0000000000010054                exception_handlers_table
                0x0000000000010074                enable_irq
                0x000000000001007c                disable_irq
                0x0000000000010084                get_sp
 .text          0x00000000000100d4        0x0 main.o
 .text.startup  0x00000000000100d4      0x130 main.o
                0x00000000000100d4                main
 .text          0x0000000000010204      0x718 periph.o
                0x0000000000010204                sys_timer_setup
                0x0000000000010244                arm_timer_setup
                0x0000000000010290                led_setup
                0x0000000000010334                uart_recv
                0x0000000000010370                uart_send
                0x00000000000103f8                sendString
                0x00000000000104a0                read_rx_buffer
                0x00000000000104e0                uart_init
                0x00000000000105e4                irq_handler_mini_uart
                0x00000000000106ac                irq_vectors_setup
                0x00000000000106d4                dump_memory
                0x0000000000010738                dump_debug_init
                0x0000000000010760                dump_debug_message
                0x00000000000107c4                irq_handler_arm_timer
                0x00000000000108b8                processInterrupt
                0x00000000000108cc                isr
 .text          0x000000000001091c      0x894 formatter.o
                0x000000000001091c                FormatParser::initial(char const*)
                0x0000000000010954                FormatParser::finish(char const*)
                0x000000000001095c                FormatParser::error(char const*)
                0x0000000000010964                FormatParser::text(char const*)
                0x00000000000109d4                FormatParser::controlCmd(char const*)
                0x0000000000010a64                FormatParser::format(char*, char const*, ...)
                0x0000000000010b0c                stringToString(char*, char*, int)
                0x0000000000010c04                intToString(char*, int, int, char)
                0x0000000000010d8c                FormatParser::processParam(char const*)
                0x0000000000010e4c                FormatParser::control(char const*)
                0x0000000000011038                FormatParser::controlDig(char const*)
 .text          0x00000000000111b0      0x114 /opt/gcc-arm/latest/lib/gcc/arm-none-eabi/4.8.3/libgcc.a(_udivsi3.o)
                0x00000000000111b0                __udivsi3
                0x00000000000111b0                __aeabi_uidiv
                0x00000000000112a4                __aeabi_uidivmod
 .text          0x00000000000112c4        0x4 /opt/gcc-arm/latest/lib/gcc/arm-none-eabi/4.8.3/libgcc.a(_dvmd_tls.o)
                0x00000000000112c4                __aeabi_ldiv0
                0x00000000000112c4                __aeabi_idiv0

.rodata.str1.4  0x00000000000112c8       0x60
 .rodata.str1.4
                0x00000000000112c8       0x40 main.o
 .rodata.str1.4
                0x0000000000011308       0x20 periph.o

.rodata         0x0000000000011328       0x10
 .rodata        0x0000000000011328       0x10 formatter.o

.data           0x0000000000011338       0xb4
 .data          0x0000000000011338        0x0 arm_cpu.o
 .data          0x0000000000011338        0x0 main.o
 .data          0x0000000000011338       0xb4 periph.o
                0x0000000000011338                pSYS_TIMER_CMP_1
                0x000000000001133c                pSYS_TIMER_COUNT_LO
                0x0000000000011340                pSYS_TIMER_CNTRL_STAT
                0x0000000000011344                pENABLE_IRQ_1
                0x0000000000011348                pARM_TIMER_LD
                0x000000000001134c                pARM_TIMER_CTL
                0x0000000000011350                pARM_TIMER_PDIV
                0x0000000000011354                pENABLE_IRQ_B
                0x0000000000011358                Gpio::pGPFSEL
                0x000000000001135c                Gpio::pGPCLR
                0x0000000000011360                Gpio::pGPSET
                0x0000000000011364                pAUX_MU_STAT_REG
                0x0000000000011368                pAUX_MU_IO_REG
                0x000000000001136c                pAUX_MU_IER_REG
                0x0000000000011370                pDISABLE_IRQ_1
                0x0000000000011374                pAUX_ENABLES
                0x0000000000011378                pAUX_MU_CNTL_REG
                0x000000000001137c                pAUX_MU_LCR_REG
                0x0000000000011380                pAUX_MU_MCR_REG
                0x0000000000011384                pAUX_MU_IIR_REG
                0x0000000000011388                pAUX_MU_BAUD_REG
                0x000000000001138c                Gpio::pGPPUD
                0x0000000000011390                Gpio::pGPPUDCLK
                0x0000000000011394                pPENDING_IRQ_B
                0x0000000000011398                pARM_TIMER_IRQ
                0x000000000001139c                pPENDING_IRQ_1
                0x00000000000113a0                mailbox
                0x00000000000113a4                pSYS_TIMER_CMP_3
                0x00000000000113a8                pSYS_TIMER_CMP_2
                0x00000000000113ac                pSYS_TIMER_CMP_0
                0x00000000000113b0                pSYS_TIMER_COUNT_HI
                0x00000000000113b4                pAUX_MU_SCRATCH
                0x00000000000113b8                pAUX_MU_MSR_REG
                0x00000000000113bc                pAUX_MU_LSR_REG
                0x00000000000113c0                pAUX_IRQ
                0x00000000000113c4                pARM_TIMER_CNT
                0x00000000000113c8                pARM_TIMER_RLD
                0x00000000000113cc                pARM_TIMER_MSK_IRQ
                0x00000000000113d0                pARM_TIMER_RAW_IRQ
                0x00000000000113d4                pARM_TIMER_VAL
                0x00000000000113d8                pDISABLE_IRQ_B
                0x00000000000113dc                pDISABLE_IRQ_2
                0x00000000000113e0                pENABLE_IRQ_2
                0x00000000000113e4                pPENDING_IRQ_2
                0x00000000000113e8                Gpio::pGPLEV
 .data          0x00000000000113ec        0x0 formatter.o
 .data          0x00000000000113ec        0x0 /opt/gcc-arm/latest/lib/gcc/arm-none-eabi/4.8.3/libgcc.a(_udivsi3.o)
 .data          0x00000000000113ec        0x0 /opt/gcc-arm/latest/lib/gcc/arm-none-eabi/4.8.3/libgcc.a(_dvmd_tls.o)

.igot.plt       0x00000000000113ec        0x0
 .igot.plt      0x0000000000000000        0x0 arm_cpu.o

.init_array     0x00000000000113ec        0x4
 .init_array    0x00000000000113ec        0x4 main.o

.glue_7         0x00000000000113f0        0x0
 .glue_7        0x0000000000000000        0x0 linker stubs

.glue_7t        0x00000000000113f0        0x0
 .glue_7t       0x0000000000000000        0x0 linker stubs

.vfp11_veneer   0x00000000000113f0        0x0
 .vfp11_veneer  0x0000000000000000        0x0 linker stubs

.v4_bx          0x00000000000113f0        0x0
 .v4_bx         0x0000000000000000        0x0 linker stubs

.iplt           0x00000000000113f0        0x0
 .iplt          0x0000000000000000        0x0 arm_cpu.o

.rel.dyn        0x00000000000113f0        0x0
 .rel.iplt      0x0000000000000000        0x0 arm_cpu.o

.bss            0x00000000000113f0    0x10210
 *(.bss*)
 .bss           0x00000000000113f0        0x0 arm_cpu.o
 .bss           0x00000000000113f0       0xe4 main.o
                0x00000000000113f0                fp
                0x000000000001140c                out
 .bss           0x00000000000114d4    0x1012c periph.o
                0x00000000000114d4                gpio47
                0x00000000000114d8                gpio10
                0x00000000000114dc                gpio22
                0x00000000000114e0                txhead
                0x00000000000114e4                txbuffer
                0x00000000000214e4                flag
                0x00000000000214e8                txtail
                0x00000000000214ec                rxtail
                0x00000000000214f0                rxhead
                0x00000000000214f4                rxbuffer
                0x00000000000215f4                dump_pointer_storage
                0x00000000000215f8                dump_pointer
 .bss           0x0000000000021600        0x0 formatter.o
 .bss           0x0000000000021600        0x0 /opt/gcc-arm/latest/lib/gcc/arm-none-eabi/4.8.3/libgcc.a(_udivsi3.o)
 .bss           0x0000000000021600        0x0 /opt/gcc-arm/latest/lib/gcc/arm-none-eabi/4.8.3/libgcc.a(_dvmd_tls.o)
OUTPUT(LoadableApp.elf elf32-littlearm)

.ARM.attributes
                0x0000000000000000       0x33
 .ARM.attributes
                0x0000000000000000       0x16 arm_cpu.o
 .ARM.attributes
                0x0000000000000016       0x37 main.o
 .ARM.attributes
                0x000000000000004d       0x37 periph.o
 .ARM.attributes
                0x0000000000000084       0x37 formatter.o
 .ARM.attributes
                0x00000000000000bb       0x18 /opt/gcc-arm/latest/lib/gcc/arm-none-eabi/4.8.3/libgcc.a(_udivsi3.o)
 .ARM.attributes
                0x00000000000000d3       0x18 /opt/gcc-arm/latest/lib/gcc/arm-none-eabi/4.8.3/libgcc.a(_dvmd_tls.o)

.comment        0x0000000000000000       0x70
 .comment       0x0000000000000000       0x70 main.o
                                         0x71 (size before relaxing)
 .comment       0x0000000000000000       0x71 periph.o
 .comment       0x0000000000000000       0x71 formatter.o

.debug_frame    0x0000000000000000       0x20
 .debug_frame   0x0000000000000000       0x20 /opt/gcc-arm/latest/lib/gcc/arm-none-eabi/4.8.3/libgcc.a(_udivsi3.o)
